<testsuites id="" name="" tests="52" failures="0" skipped="0" errors="0" time="9.350637">
<testsuite name="snapshots.spec.ts" timestamp="2026-04-14T09:16:00.249Z" hostname="chromium-xs" tests="13" failures="0" skipped="0" time="17.44" errors="0">
<testcase name="Preview Snapshots › adobe_components_cta.html" classname="snapshots.spec.ts" time="1.607">
</testcase>
<testcase name="Preview Snapshots › adobe_components_custom_action_cards.html" classname="snapshots.spec.ts" time="1.518">
</testcase>
<testcase name="Preview Snapshots › adobe_components_custom_avatars.html" classname="snapshots.spec.ts" time="1.562">
</testcase>
<testcase name="Preview Snapshots › adobe_components_custom_edex.html" classname="snapshots.spec.ts" time="1.452">
</testcase>
<testcase name="Preview Snapshots › adobe_components_custom_footer_bands.html" classname="snapshots.spec.ts" time="1.448">
</testcase>
<testcase name="Preview Snapshots › adobe_components_custom_two_col_img_text_section.html" classname="snapshots.spec.ts" time="1.359">
</testcase>
<testcase name="Preview Snapshots › adobe_components_footers.html" classname="snapshots.spec.ts" time="1.269">
</testcase>
<testcase name="Preview Snapshots › adobe_components_headers.html" classname="snapshots.spec.ts" time="1.233">
</testcase>
<testcase name="Preview Snapshots › adobe_components_headers_white.html" classname="snapshots.spec.ts" time="1.128">
</testcase>
<testcase name="Preview Snapshots › adobe_components_hero_cards.html" classname="snapshots.spec.ts" time="1.64">
</testcase>
<testcase name="Preview Snapshots › adobe_components_pods.html" classname="snapshots.spec.ts" time="1.131">
</testcase>
<testcase name="Preview Snapshots › adobe_components_product_logos.html" classname="snapshots.spec.ts" time="1.004">
</testcase>
<testcase name="Preview Snapshots › adobe_components_typo.html" classname="snapshots.spec.ts" time="1.089">
</testcase>
</testsuite>
<testsuite name="snapshots.spec.ts" timestamp="2026-04-14T09:16:00.249Z" hostname="chromium-md" tests="13" failures="0" skipped="0" time="14.225" errors="0">
<testcase name="Preview Snapshots › adobe_components_cta.html" classname="snapshots.spec.ts" time="0.833">
</testcase>
<testcase name="Preview Snapshots › adobe_components_custom_action_cards.html" classname="snapshots.spec.ts" time="1.201">
</testcase>
<testcase name="Preview Snapshots › adobe_components_custom_avatars.html" classname="snapshots.spec.ts" time="1.035">
</testcase>
<testcase name="Preview Snapshots › adobe_components_custom_edex.html" classname="snapshots.spec.ts" time="1.148">
</testcase>
<testcase name="Preview Snapshots › adobe_components_custom_footer_bands.html" classname="snapshots.spec.ts" time="0.947">
</testcase>
<testcase name="Preview Snapshots › adobe_components_custom_two_col_img_text_section.html" classname="snapshots.spec.ts" time="1.023">
</testcase>
<testcase name="Preview Snapshots › adobe_components_footers.html" classname="snapshots.spec.ts" time="0.917">
</testcase>
<testcase name="Preview Snapshots › adobe_components_headers.html" classname="snapshots.spec.ts" time="1.125">
</testcase>
<testcase name="Preview Snapshots › adobe_components_headers_white.html" classname="snapshots.spec.ts" time="1.078">
</testcase>
<testcase name="Preview Snapshots › adobe_components_hero_cards.html" classname="snapshots.spec.ts" time="1.525">
</testcase>
<testcase name="Preview Snapshots › adobe_components_pods.html" classname="snapshots.spec.ts" time="1.27">
</testcase>
<testcase name="Preview Snapshots › adobe_components_product_logos.html" classname="snapshots.spec.ts" time="0.985">
</testcase>
<testcase name="Preview Snapshots › adobe_components_typo.html" classname="snapshots.spec.ts" time="1.138">
</testcase>
</testsuite>
<testsuite name="snapshots.spec.ts" timestamp="2026-04-14T09:16:00.249Z" hostname="chromium-lg" tests="13" failures="0" skipped="0" time="14.811" errors="0">
<testcase name="Preview Snapshots › adobe_components_cta.html" classname="snapshots.spec.ts" time="1.048">
</testcase>
<testcase name="Preview Snapshots › adobe_components_custom_action_cards.html" classname="snapshots.spec.ts" time="1.212">
</testcase>
<testcase name="Preview Snapshots › adobe_components_custom_avatars.html" classname="snapshots.spec.ts" time="0.948">
</testcase>
<testcase name="Preview Snapshots › adobe_components_custom_edex.html" classname="snapshots.spec.ts" time="1.113">
</testcase>
<testcase name="Preview Snapshots › adobe_components_custom_footer_bands.html" classname="snapshots.spec.ts" time="0.781">
</testcase>
<testcase name="Preview Snapshots › adobe_components_custom_two_col_img_text_section.html" classname="snapshots.spec.ts" time="0.931">
</testcase>
<testcase name="Preview Snapshots › adobe_components_footers.html" classname="snapshots.spec.ts" time="0.839">
</testcase>
<testcase name="Preview Snapshots › adobe_components_headers.html" classname="snapshots.spec.ts" time="1.125">
</testcase>
<testcase name="Preview Snapshots › adobe_components_headers_white.html" classname="snapshots.spec.ts" time="1.11">
</testcase>
<testcase name="Preview Snapshots › adobe_components_hero_cards.html" classname="snapshots.spec.ts" time="1.762">
</testcase>
<testcase name="Preview Snapshots › adobe_components_pods.html" classname="snapshots.spec.ts" time="1.449">
</testcase>
<testcase name="Preview Snapshots › adobe_components_product_logos.html" classname="snapshots.spec.ts" time="1.119">
</testcase>
<testcase name="Preview Snapshots › adobe_components_typo.html" classname="snapshots.spec.ts" time="1.374">
</testcase>
</testsuite>
<testsuite name="snapshots.spec.ts" timestamp="2026-04-14T09:16:00.249Z" hostname="chromium-xl" tests="13" failures="0" skipped="0" time="16.593" errors="0">
<testcase name="Preview Snapshots › adobe_components_cta.html" classname="snapshots.spec.ts" time="1.022">
</testcase>
<testcase name="Preview Snapshots › adobe_components_custom_action_cards.html" classname="snapshots.spec.ts" time="1.415">
</testcase>
<testcase name="Preview Snapshots › adobe_components_custom_avatars.html" classname="snapshots.spec.ts" time="1.114">
</testcase>
<testcase name="Preview Snapshots › adobe_components_custom_edex.html" classname="snapshots.spec.ts" time="1.341">
</testcase>
<testcase name="Preview Snapshots › adobe_components_custom_footer_bands.html" classname="snapshots.spec.ts" time="0.887">
</testcase>
<testcase name="Preview Snapshots › adobe_components_custom_two_col_img_text_section.html" classname="snapshots.spec.ts" time="1.08">
</testcase>
<testcase name="Preview Snapshots › adobe_components_footers.html" classname="snapshots.spec.ts" time="0.927">
</testcase>
<testcase name="Preview Snapshots › adobe_components_headers.html" classname="snapshots.spec.ts" time="1.281">
</testcase>
<testcase name="Preview Snapshots › adobe_components_headers_white.html" classname="snapshots.spec.ts" time="1.224">
</testcase>
<testcase name="Preview Snapshots › adobe_components_hero_cards.html" classname="snapshots.spec.ts" time="1.918">
</testcase>
<testcase name="Preview Snapshots › adobe_components_pods.html" classname="snapshots.spec.ts" time="1.513">
</testcase>
<testcase name="Preview Snapshots › adobe_components_product_logos.html" classname="snapshots.spec.ts" time="1.258">
</testcase>
<testcase name="Preview Snapshots › adobe_components_typo.html" classname="snapshots.spec.ts" time="1.613">
</testcase>
</testsuite>
</testsuites>